<?xml version="1.0" encoding="UTF-8"?>
<!-- Generated by org.testng.reporters.JUnitReportReporter -->
<testsuite hostname="Praveens-MacBook-Pro.local" failures="0" tests="9" name="CucumberOptions.TestRunner" time="0.263" errors="0" timestamp="2024-04-12T14:44:32 GMT-05:00" skipped="0">
  <testcase classname="CucumberOptions.TestRunner" name="runScenario" time="0.015"/>
  <testcase classname="CucumberOptions.TestRunner" name="runScenario" time="0.124"/>
  <testcase classname="CucumberOptions.TestRunner" name="runScenario" time="0.008"/>
  <testcase classname="CucumberOptions.TestRunner" name="runScenario" time="0.010"/>
  <testcase classname="CucumberOptions.TestRunner" name="runScenario" time="0.023"/>
  <testcase classname="CucumberOptions.TestRunner" name="runScenario" time="0.013"/>
  <testcase classname="CucumberOptions.TestRunner" name="runScenario" time="0.026"/>
  <testcase classname="CucumberOptions.TestRunner" name="runScenario" time="0.019"/>
  <testcase classname="CucumberOptions.TestRunner" name="runScenario" time="0.025"/>
</testsuite> <!-- CucumberOptions.TestRunner -->
